<?xml version="1.0" encoding="UTF-8"?>
<!-- Generated by org.testng.reporters.JUnitReportReporter -->
<testsuite hostname="DESKTOP-MNDUO7T" failures="0" tests="3" name="tests.TasksTest" time="15.095" errors="0" timestamp="2024-12-16T15:45:06 IST" skipped="0">
  <testcase classname="tests.TasksTest" name="tc02_DeleteTask" time="3.475"/>
  <system-out/>
  <testcase classname="tests.TasksTest" name="tc01_addSimpleTask" time="3.973"/>
  <system-out/>
  <testcase classname="tests.TasksTest" name="tc03_updateTask" time="7.647"/>
  <system-out/>
</testsuite> <!-- tests.TasksTest -->
