<?xml version="1.0" encoding="UTF-8"?>
<!-- Generated by org.testng.reporters.JUnitReportReporter -->
<testsuite hostname="DESKTOP-MNDUO7T" failures="0" tests="1" name="tests.TasksTest" time="0.247" errors="0" timestamp="2024-12-13T14:49:38 IST" skipped="0">
  <testcase classname="tests.TasksTest" name="tc02_deleteTask" time="0.247"/>
  <system-out/>
</testsuite> <!-- tests.TasksTest -->
