<?xml version="1.0" encoding="UTF-8"?>
<!-- Generated by org.testng.reporters.JUnitReportReporter -->
<testsuite hostname="DESKTOP-MNDUO7T" failures="0" tests="1" name="tests.TasksTest" time="6.771" errors="0" timestamp="2024-12-15T15:10:49 IST" skipped="0">
  <testcase classname="tests.TasksTest" name="tc03_addAndUpdateTask" time="6.771"/>
  <system-out/>
</testsuite> <!-- tests.TasksTest -->
